0 info it worked if it ends with ok
1 verbose cli [ 'C:\\Program Files (x86)\\nodejs\\\\node.exe',
1 verbose cli   'C:\\Program Files (x86)\\nodejs\\node_modules\\npm\\bin\\npm-cli.js',
1 verbose cli   'publish' ]
2 info using npm@1.4.28
3 info using node@v0.10.33
4 verbose node symlink C:\Program Files (x86)\nodejs\\node.exe
5 verbose publish [ '.' ]
6 verbose cache add [ '.', null ]
7 verbose cache add name=undefined spec="." args=[".",null]
8 verbose parsed url { protocol: null,
8 verbose parsed url   slashes: null,
8 verbose parsed url   auth: null,
8 verbose parsed url   host: null,
8 verbose parsed url   port: null,
8 verbose parsed url   hostname: null,
8 verbose parsed url   hash: null,
8 verbose parsed url   search: null,
8 verbose parsed url   query: null,
8 verbose parsed url   pathname: '.',
8 verbose parsed url   path: '.',
8 verbose parsed url   href: '.' }
9 silly lockFile 3a52ce78- .
10 verbose lock . C:\Users\NSA-PC\AppData\Roaming\npm-cache\3a52ce78-.lock
11 verbose tar pack [ 'C:\\Users\\NSA-PC\\AppData\\Roaming\\npm-cache\\report-compiler\\0.4.8\\package.tgz',
11 verbose tar pack   '.' ]
12 verbose tarball C:\Users\NSA-PC\AppData\Roaming\npm-cache\report-compiler\0.4.8\package.tgz
13 verbose folder .
14 info prepublish report-compiler@0.4.8
15 silly lockFile 1f1177db-tar tar://.
16 verbose lock tar://. C:\Users\NSA-PC\AppData\Roaming\npm-cache\1f1177db-tar.lock
17 silly lockFile 801ea3e5-eport-compiler-0-4-8-package-tgz tar://C:\Users\NSA-PC\AppData\Roaming\npm-cache\report-compiler\0.4.8\package.tgz
18 verbose lock tar://C:\Users\NSA-PC\AppData\Roaming\npm-cache\report-compiler\0.4.8\package.tgz C:\Users\NSA-PC\AppData\Roaming\npm-cache\801ea3e5-eport-compiler-0-4-8-package-tgz.lock
19 silly lockFile 1f1177db-tar tar://.
20 silly lockFile 1f1177db-tar tar://.
21 silly lockFile 801ea3e5-eport-compiler-0-4-8-package-tgz tar://C:\Users\NSA-PC\AppData\Roaming\npm-cache\report-compiler\0.4.8\package.tgz
22 silly lockFile 801ea3e5-eport-compiler-0-4-8-package-tgz tar://C:\Users\NSA-PC\AppData\Roaming\npm-cache\report-compiler\0.4.8\package.tgz
23 silly lockFile c148aabd-he-report-compiler-0-4-8-package C:\Users\NSA-PC\AppData\Roaming\npm-cache\report-compiler\0.4.8\package
24 verbose lock C:\Users\NSA-PC\AppData\Roaming\npm-cache\report-compiler\0.4.8\package C:\Users\NSA-PC\AppData\Roaming\npm-cache\c148aabd-he-report-compiler-0-4-8-package.lock
25 silly lockFile c148aabd-he-report-compiler-0-4-8-package C:\Users\NSA-PC\AppData\Roaming\npm-cache\report-compiler\0.4.8\package
26 silly lockFile c148aabd-he-report-compiler-0-4-8-package C:\Users\NSA-PC\AppData\Roaming\npm-cache\report-compiler\0.4.8\package
27 silly lockFile 3a52ce78- .
28 silly lockFile 3a52ce78- .
29 silly publish { name: 'report-compiler',
29 silly publish   version: '0.4.8',
29 silly publish   description: 'Generate reports from YAML files using wkhtmltopdf. based on invoice-compiler',
29 silly publish   main: 'index.coffee',
29 silly publish   author: { name: 'Nico Sap', email: 'nico_sap@hotmail.com' },
29 silly publish   license: 'MIT',
29 silly publish   repository:
29 silly publish    { type: 'git',
29 silly publish      url: 'git://github.com/nicojuicy/report-compiler.git' },
29 silly publish   homepage: 'https://github.com/nicojuicy/report-compiler',
29 silly publish   bugs: { url: 'https://github.com/NicoJuicy/report-compiler/issues' },
29 silly publish   engines: { node: '>=0.10.0' },
29 silly publish   dependencies:
29 silly publish    { 'coffee-script': '^1.8.0',
29 silly publish      handlebars: '^3.0.3',
29 silly publish      'js-yaml': '^3.0.2',
29 silly publish      lodash: '^2.4.1',
29 silly publish      mkdirp: '^0.5.0',
29 silly publish      moment: '^2.7.0',
29 silly publish      numeraljs: '^1.5.6',
29 silly publish      wkhtmltopdf: '^0.1.5' },
29 silly publish   bin: { report: './bin/report' },
29 silly publish   _id: 'report-compiler@0.4.8',
29 silly publish   scripts: {},
29 silly publish   _from: '.',
29 silly publish   _npmVersion: '2.0.0-alpha-5',
29 silly publish   _npmUser: { name: 'NicoJuicy', email: 'nico_sap@hotmail.com' },
29 silly publish   maintainers: [ { name: 'nicojuicy', email: 'nico_sap@hotmail.com' } ],
29 silly publish   directories: {},
29 silly publish   readme: 'ERROR: No README data found!',
29 silly publish   gitHead: 'cf371d105c8da42b747dd48f333df0c0cd11eab6',
29 silly publish   _shasum: '596f6d67755ee3ab5036072ab9fd57bcc84bf8b8' }
30 verbose request where is /report-compiler
31 verbose request registry https://registry.npmjs.org/
32 verbose request id 09c03202e25c9f0e
33 verbose url raw /report-compiler
34 verbose url resolving [ 'https://registry.npmjs.org/', './report-compiler' ]
35 verbose url resolved https://registry.npmjs.org/report-compiler
36 verbose request where is https://registry.npmjs.org/report-compiler
37 info trying registry request attempt 1 at 17:45:59
38 http PUT https://registry.npmjs.org/report-compiler
39 http 403 https://registry.npmjs.org/report-compiler
40 verbose headers { 'content-type': 'application/json',
40 verbose headers   'cache-control': 'max-age=60',
40 verbose headers   'content-length': '95',
40 verbose headers   'accept-ranges': 'bytes',
40 verbose headers   date: 'Wed, 21 Oct 2015 15:45:58 GMT',
40 verbose headers   via: '1.1 varnish',
40 verbose headers   connection: 'keep-alive',
40 verbose headers   'x-served-by': 'cache-ams4131-AMS',
40 verbose headers   'x-cache': 'MISS',
40 verbose headers   'x-cache-hits': '0',
40 verbose headers   'x-timer': 'S1445442357.166233,VS0,VE1787' }
41 error publish Failed PUT 403
42 error Error: "You cannot publish over the previously published version 0.4.8." : report-compiler
42 error     at RegClient.<anonymous> (C:\Program Files (x86)\nodejs\node_modules\npm\node_modules\npm-registry-client\lib\request.js:308:14)
42 error     at Request._callback (C:\Program Files (x86)\nodejs\node_modules\npm\node_modules\npm-registry-client\lib\request.js:246:65)
42 error     at Request.self.callback (C:\Program Files (x86)\nodejs\node_modules\npm\node_modules\request\request.js:236:22)
42 error     at Request.emit (events.js:98:17)
42 error     at Request.<anonymous> (C:\Program Files (x86)\nodejs\node_modules\npm\node_modules\request\request.js:1142:14)
42 error     at Request.emit (events.js:117:20)
42 error     at IncomingMessage.<anonymous> (C:\Program Files (x86)\nodejs\node_modules\npm\node_modules\request\request.js:1096:12)
42 error     at IncomingMessage.emit (events.js:117:20)
42 error     at _stream_readable.js:943:16
42 error     at process._tickCallback (node.js:419:13)
43 error If you need help, you may report this *entire* log,
43 error including the npm and node versions, at:
43 error     <http://github.com/npm/npm/issues>
44 error System Windows_NT 6.1.7601
45 error command "C:\\Program Files (x86)\\nodejs\\\\node.exe" "C:\\Program Files (x86)\\nodejs\\node_modules\\npm\\bin\\npm-cli.js" "publish"
46 error cwd C:\Users\NSA-PC\AppData\Local\Temp\compiler\report-compiler
47 error node -v v0.10.33
48 error npm -v 1.4.28
49 verbose exit [ 1, true ]
